[    0.000000] Linux versin 4.15-36-generc buildd@lgw1-amd6403) (gcc version 7.3.0 (Ubutu7.3.0-6uuntu3) #9-UbtuSMP n ep 24 6:9:09TC2018(Ubutu .15.06.9-genec 4.15.1)
[    .00000] Command line: OO_IMAE=/boot/vmlinuz-4.15.-36-geer roo=LEL=couimg-oos ro cnsle=tty1 console=ttyS0[    00000]EREL supored cpu
[    0.00000]   Intel GenuineIntel
[    0.000000]   AMD AuthenticAMD
   0.0000]  enaur CentaurHauls
[    0.000000] x86/fpu: Supporting XSAVE feature 0x001: 'x87 floating point registers'
[    0.000000] x86/fpu: Supporting XSAVE eaurex002: 'SSE regstrs'[   0.000000] x86/fpu: Supporting XSAVE feature 0x004: 'AVX registers'
[    0.000000] x86/fpu: xstate_offset[2]:  576, xstate_sizes[2]:  256
[    0.000000] x86/fpu: Enabled xstate features 0x7, context size is 832 bytes, using 'standard' format.
[    0000000] e820: BIOS-provided physicl AM map:
[    0.000000]IO-e80:mem 000000000000x000000009fbf]usabe[   0.0000] BIS-820: em0x00000000fc-0x0000000009ffff] esrved
   0.00000 BIO-e20: em0x00000000000-0x000000000ffff reserve
    0.0000] BIOS-e82: [mm x0000000100000-0x0000000ffeffff] uable
[    0.000000] BIOS-e820: [mem 0x000000003fff0000-0x000000003fffffff] ACPI data
[    0.000000] BIOS-e820: [mem 0x00000000fec00000-0x00000000fec00fff] reserved
[    0.000000] BIOS-e820: [mem 0x00000000fee00000-0x00000000fee00fff] reserved
[    0.000000] BIOS-e820: [mem 0x000000ffc0000-0x000000ffffffreerved
[    0.000] X (Exete Disae) protecti: active
[   0.000] SMBIOS 2.5 present.
[    0.000000] DMI: innotek GmbH VirtualBox/VirtualBox, BIOS VirtualBox 12/01/26
[  .0000] ypeisr deecd: KVM[   0.000000]e80: lstfn = 0fff0 mx_ch_pfn= x400000
[  0.000000] MTRR: Disabled
[    0.000000] x86/PAT: MTRRs disabled, skipping PAT initialization too.
[    0.000000] CPU MTRRs all blank - virtualized system.
[    0.000000] x86/PAT: Configurtin [07]: WB  WT  UC- UC  WB  WT  UC- UC  
[    0.000000] found SMP MP-table at [mem 0x0009fff0-0x0009ffff] mapped at [        (ptrval)]
[    0.000000] Scanning 1 areas for low memory corruption
[   0.000] RAMISK: [mem 0x35ae3000-0x36d68fff]
[    0.000000] ACPI: Early table checksum verification disabled
[    0.000000] ACPI: RSDP 0x00000000000E0000 000024 (v02 VBOX  )
[    0.000000] ACP: XSDT0x000000FF0030 00C (v01 VBOX  VBOXXST 000001AS  00000061)
[    0.000000] ACP: ACP x0000000FFF00F 000F(v4 VBOX VBOFA 00000 ASL  00000061)
[    0.000000] ACP DDT 000000000FFF070021FF (v02 VBOX   VBOXBIOS 00000002 INTL 20100528)
[    0.000000] ACPI: FACS 0x000000003FFF0200 000040
[    0.000000] ACI:FACSx00000003FFF200 0040
[   0.00000]ACI: AIC0x0000003FFF040 0005C(v02 VOX  VBOXPI 000001 ASL 0000061)
[  0.00000] CPI:SD 0000000FF2A0 00CC (v01 VBOX   VBOXCPUT 000002 INTL 210058)
[   000000] No NUMA configuration found
[    0.000000] Faking a node a[mem0x00000000000-x0000003ffeffff][   00000] ODDATA( allocated [me 0x3ffc500-0x3fffff]
[    0.000000] kvm-clock: cpu 0, msr 0:3ff44001, primary cpu clock
[    0.000000] kvm-clock: Using msrs 4b564d01 and 4b564d00
[    0.000000] kvm-clock: using sched offset of 3707356367 cycles
[    0.000000] clocksource: kvm-clock: mask: 0xffffffffffffffff max_cycles: 0x1cd42e4dffb, max_idle_ns: 881590591483 ns
[    0.0000] Zoneanes:
[  0.000000]  MA      em 0x00000000001000-0x0000000000fff]
   0.0000]   DMA2   [mem 0x00000000100000-0x000000003ffeffff]
[    .00000]  Nrmal   empty
[    0.000000]   Device   empty
   0.0000] Mvae zonstrt for each node
[    0.000000] Early memory node ranges
[    0.000000]   node   0: [mem 0x0000000000001000-0x0000000009efff
[  0.0000]  node   0: [mem 0x000000001000-0x000000003feffff]
[    0.000000] Initmem setup node 0 [mem 0x0000000000001000-0x000000003ffeffff]
[    0.000000] Reserved but unavailable: 98 pages
[    0.000000] ACPI: PM-Timer IO Port: 0x4008
[    0.000000] IOAPIC[0]: apic_id 2, version 32, address 0xfec00000, GSI 0-23
[    0.000000] ACPI: INT_SRC_OVR (bus 0 bus_irq 0 global_irq 2 dfl dfl)
[    0.000000] ACPI: INT_SRC_OVR (bus 0 bus_irq 9 global_irq 9 low level)
[    0.000000 Usig PI (MT)forMPconfiguration information
[  0.00000]smbootAlowin 2 CPUs, 0 hoplg CPs
[    .00000PM Registed nose memoy: [mem 0x0000000x000f]
[  000000]M: Regstred ose meor [mem 0009f00-00009ffff
[   0.00000] PM: egistered noosave memor: [mem 0x000a000-x000effff]
[    00000] PM: Registed nosave memory: [mem 0x000f0000-0x000fffff]
[    0.000000e80: [mem x400000-febfffff aailalefor PC dvice
[   000000] Btig pavitualized kereln KVM[   .00000] clocourc: efind-jifies: mas: 0xfffffff max_cycles: 0xffffffff, max_idle_ns: 7645519600211568 s[   0.0000 rando: t_rado_btes aled fomtart_krn+0x9/0fd wthcrng_iit0
[  .00000] etuperpu: NRPUS:92nr_cumsk_bts nr_cp_is:2 nr_node_ids:1
[   0.000000] percpu: Embedded 46 pages/cpu @        (ptrval) s151552 r8192d2862 048576
[  .0000]PV qspinlock hash table entries: 256 (de: 0, 496ytes)
[    0.0000] Blt1 zonelist mobli gropi on. Tal pge: 2579
[   0.00000] Pli zon: DMA32[    00000] Kernl commad ineBOT_IMAGE=/bot/vmlinu4.15.36genicroot=LABEL=cloudimg-rootfs ro console=tty1 console=ttyS0
[    0.00000] emory: 983616K/1048120K available (12300K kernel code, 2472K rwdata, 4248K rodata, 08 init246K bss, 64504K reserved, 0K cma-reserved)
[    0.000000] SLUB: HWalign=64, Order=0-3, MinObjects=0, CPUs=2, Nodes=1
[    0.000000] Kernel/User page tables isolation: enabled
[    0.000000] ftrace: allocating 39168 entries in 154 pages
[    0.004000] Hierarchical RCU implementation.
[    0.004000] 	RCU restricting CPUs from NR_CPUS=8192 to nr_cpu_ids=2.
[    0.00000]TaskRC enabld.
[   .04000] RC: djustig eometry for rc_fanou_laf=16, nr_cpu_ids=2
[    0.004000] NNR_RQ 5245, r_ir: 40, ealocated irqs: 16
[    0.004000] Console: colour VGA+ 80x25
[    0.004000] console [tty1] enabled
[    0.004000] consol [yS0] enabled
    .0000] CP Coreevsio2070831
[    0.004000] ACPI: 2 ACPI AML tables successfully acqure and load
[  0004000] APIC: Switch to symmetric I/O mode setup
[    0.004233] x2apic enabled
[    0.008004] Switched APIC routing to physical x2apic.
[    0.012878] ..TIMER: vector=0x30 apic1=0 pin1=2 apic2=-1 pin2=-1
[    0.016010] tsc: Detected 2304.000 MHz processor
[    0.020013] Calibrating delay loop (skipped) preset value.. 4608.00 BogoMIPS (lpj=9216000)
[    0.024007] pid_max: default: 32768 minimum: 301
[    0.028041] Security Framework initialized
[    0.032005] Yama: becoming mindful.
[    0.036031] AppArmor: AppArmor initialized
[    0.044052] Dentry cache hash table entries: 131072 (order: 8, 1048576 bytes)
[    0.048085] Inode-cache hash table entries: 65536 (order: 7, 524288 bytes)
[    0.052023] Mount-cache hash table entries: 2048 (order: 2, 16384 bytes)
[    0.056009] Mountpoint-cache hash table entries: 2048 (order: 2, 16384 bytes)
[    0.060321] mce: CPU supports 0 MCE banks
[    0.064024] Last level iTLB entries: 4KB 64, 2MB 8, 4MB 8
[    0.068008] Last level dTLB entries: 4KB 64, 2MB 0, 4MB 0, 1GB 4
[    0.072006] Spectre V2 : Mitigation: Full generic retpoline
[    0.076003] Spectre V2 : Spectre v2 / SpectreRSB mitigation: Filling RSB on context switch
[    0.080007] Speculative Store Bypass: Vulnerable
[    0.084094] Freeing SMP alternatives memory: 36K
[  0.092000] smpboot: CPU0: IntellR) Core(TM) i5-7360U CPU @ 2.30GHz (family: 0x6, model: 0x8e, stepping: 0x9)
[    0.092090] Performance Events: unsupported p6 CPU model 142 no PMU driver, software events only.
[    0.096071] Hierarchical SRCU implementation.
[    0.100541] NMI watchdog: Perf event create on CPU 0 failed with -2
[    0.104004] NMI watchdog: Perf NMI watchdog permanently disabled
[    0.108061] smp: Bringing up secondary CPUs ...
[    0.112083] x86: Booting SMP configuration:
[    0.116003] .... node  #0, CPUs:      #1
[    0.004000] kvm-clock: cpu 1, msr 0:3ff44041, secondary cpu clock
[    0.004000] mce: CPU supports 0 MCE banks
[    0.158176] smp: Brought up 1 node, 2 CPUs
[    0.160005] smpboot: Max logical packages: 1
[    0.164004] smpboot: Total of 2 processors activated (9216.00 BogoMIPS)
[    0.172058] devtmpfs: initialized
[    0.176077] x86/mm: Memory block size: 128MB
[    0.180198] evm: security.selinux
[    0.184006] evm: security.SMACK64
[    0.188006] evm: security.SMACK64EXEC
[    0.192006] evm: security.SMACK64TRANSMUTE
[    0.196003] evm: security.SMACK64MMAP
[    0.200002] evm: security.apparmor
[    0.204002] evm: security.ima
[    0.208002] evm: security.capability
[    0.212096] clocksource: jiffies: mask: 0xffffffff max_cycles: 0xffffffff, max_idle_ns: 7645041785100000 ns
[    0.216011] futex hash table entries: 512 (order: 3, 32768 bytes)
[    0.220063] pinctrl core: initialized pinctrl subsystem
[    0.225440] RTC time:  2:47:01, date: 10/10/18
[    0.228223] NET: Registered protocol family 16
[    0.232071] audit: initializing netlink subsys (disabled)
[    0.236038] audit: type=2000 audit(1539139605.090:1): state=initialized audit_enabled=0 res=1
[    0.444007] cpuidle: using governor ladder
[    0.448012] cpuidle: using governor menu
[    0.452051] ACPI: bus type PCI registered
[    0.456009] acpiphp: ACPI Hot Plug PCI Controller Driver version: 0.5
[    0.460238] PCI: Using configuration type 1 for base access
[    0.464845] HugeTLB registered 2.00 MiB page size, pre-allocated 0 pages
[    0.468090] ACPI: Added _OSI(Module Device)
[    0.472014] ACPI: Added _OSI(Processor Device)
[    0.476008] ACPI: Added _OSI(3.0 _SCP Extensions)
[    0.480003] ACPI: Added _OSI(Processor Aggregator Device)
[    0.484005] ACPI: Added _OSI(Linux-Dell-Video)
[    0.488003] ACPI: Added _OSI(Linux-Lenovo-NV-HDMI-Audio)
[    0.492363] ACPI: Executed 1 blocks of module-level executable AML code
[    0.501278] ACPI: Interpreter enabled
[    0.504012] ACPI: (supports S0 S5)
[    0.508004] ACPI: Using IOAPIC for interrupt routing
[    0.512198] PCI: Using host bridge windows from ACPI; if necessary, use "pci=nocrs" and report a bug
[    0.516182] ACPI: Enabled 2 GPEs in block 00 to 07
[    0.526744] ACPI: PCI Root Bridge [PCI0] (domain 0000 [bus 00-ff])
[    0.528008] acpi PNP0A03:00: _OSC: OS supports [ASPM ClockPM Segments MSI]
[    0.532043] acpi PNP0A03:00: _OSC: not requesting OS control; OS requires [ExtendedConfig ASPM ClockPM MSI]
[    0.536034] acpi PNP0A03:00: fail to add MMCONFIG information, can't access extended PCI configuration space under this bridge.
[    0.540425] PCI host bridge to bus 0000:00
[    0.544008] pci_bus 0000:00: root bus resource [io  0x0000-0x0cf7 window]
[    0.548005] pci_bus 0000:00: root bus resource [io  0x0d00-0xffff window]
[    0.552003] pci_bus 0000:00: root bus resource [mem 0x000a0000-0x000bffff window]
[    0.556004] pci_bus 0000:00: root bus resource [mem 0x40000000-0xfdffffff window]
[    0.560005] pci_bus 0000:00: root bus resource [bus 00-ff]
[    0.568116] pci 0000:00:01.1: legacy IDE quirk: reg 0x10: [io  0x01f0-0x01f7]
[    0.572005] pci 0000:00:01.1: legacy IDE quirk: reg 0x14: [io  0x03f6]
[    0.576005] pci 0000:00:01.1: legacy IDE quirk: reg 0x18: [io  0x0170-0x0177]
[    0.580007] pci 0000:00:01.1: legacy IDE quirk: reg 0x1c: [io  0x0376]
[    0.600959] pci 0000:00:07.0: quirk: [io  0x4000-0x403f] claimed by PIIX4 ACPI
[    0.604021] pci 0000:00:07.0: quirk: [io  0x4100-0x410f] claimed by PIIX4 SMB
[    0.619807] ACPI: PCI Interrupt Link [LNKA] (IRQs 5 9 10 *11)
[    0.620566] ACPI: PCI Interrupt Link [LNKB] (IRQs 5 9 *10 11)
[    0.624251] ACPI: PCI Interrupt Link [LNKC] (IRQs 5 *9 10 11)
[    0.628221] ACPI: PCI Interrupt Link [LNKD] (IRQs 5 9 10 *11)
[    0.636323] SCSI subsystem initialized
[    0.637314] pci 0000:00:02.0: vgaarb: setting as boot VGA device
[    0.640000] pci 0000:00:02.0: vgaarb: VGA device added: decodes=io+mem,owns=io+mem,locks=none
[    0.640012] pci 0000:00:02.0: vgaarb: bridge control possible
[    0.644003] vgaarb: loaded
[    0.648051] ACPI: bus type USB registered
[    0.652027] usbcore: registered new interface driver usbfs
[    0.656010] usbcore: registered new interface driver hub
[    0.660027] usbcore: registered new device driver usb
[    0.664067] EDAC MC: Ver: 3.0.0
[    0.668269] PCI: Using ACPI for IRQ routing
[    0.672341] NetLabel: Initializing
[    0.676002] NetLabel:  domain hash size = 128
[    0.680002] NetLabel:  protocols = UNLABELED CIPSOv4 CALIPSO
[    0.684022] NetLabel:  unlabeled traffic allowed by default
[    0.688078] clocksource: Switched to clocksource kvm-clock
[    0.819] S:Di qot duot_6.6.0[  1730]FS:qu-cheastae trs:12orer 0, 4096 bys)
[    1.939568] AppArmor: AppArmor Filysm abed
[   1447pn P AI it[  2056]npPnP ACI:fond 3 devices
[   2.87433 cckur: pim:ask: 0xffffff max_cycls:0xffffff, ma_ile_s:08014 
  3.31] T:egted otocl mi 2
[   3.32] P stabliheha tle ntie: 92orr:, 53bys)
[    7309] T bd shab entries: 8192 (order: 51372 bytes)
[    5.124092] TCP: Hash tables cfire(eabsh 892 in81)
[    5.827]DPastale entie 5 (de 2164 te
  6.59] P-teastae enris: 52 orr:, 634 bys)
[    6.801] T:egted otolamy 
[  7720]ci00:000: miindiec PCIPCI aner
[  7550]ci 0000:00:01.: titi I D hg rkous  8.88] i 0000:0:.0Vio vi wh adowed ROMatme0x0c00x0dff]
[   9.69] paininramfs.
[   10.150639] Freeing initrd memory: 18968K
[   10.189176] platform rtc_cmos: registered platform RTC device (no PNP device found)
[   10.316982] Scanning for low memory corruption every 60 seconds
[   10.327079] Initialise system trusted keyrings
[   10.384859] Key type blacklist registered
[   10.404725] workingset: timestamp_bits=36 max_order=18 bucket_order=0
[   10.446177] zbud: loaded
[   10.490187] squashfs: version 4.0 (2009/01/31) Phillip Lougher
[   10.497555] fuse init (API version 7.26)
[   10.561341] Key type asymmetric registered
[   10.636334] Asymmetric key parser 'x509' registered
[   10.705635] Block layer SCSI generic (bsg) driver version 0.4 loaded (major 246)
[   10.820873] io scheduler noop registered
[   10.871222] io scheduler deadline registered
[   10.971212] io scheduler cfq registered (default)
[   10.972899] ACPI: AC Adapter [AC] (off-line)
[   10.983938] input: Power Button as /devices/LNXSYSTM:00/LNXPWRBN:00/input/input0
[   11.007858] ACPI: Power Button [PWRF]
[   11.015265] input: Sleep Button as /devices/LNXSYSTM:00/LNXSLPBN:00/input/input1
[   11.036108] ACPI: Sleep Button [SLPF]
[   11.048053] Serial: 8250/16550 driver, 32 ports, IRQ sharing enabled
[   11.049580] ACPI: Battery Slot [BAT0] (battery present)
[   11.092964] 00:02: ttyS0 at I/O 0x3f8 (irq = 4, base_baud = 115200) is a 16550A
[   11.113545] Linux agpgart interface v0.103
[   11.115683] loop: module loaded
[   11.132159] scsi host0: ata_piix
[   11.141939] scsi host1: ata_piix
[   11.151871] ata1: PATA max UDMA/33 cmd 0x1f0 ctl 0x3f6 bmdma 0xd000 irq 14
[   11.170780] ata2: PATA max UDMA/33 cmd 0x170 ctl 0x376 bmdma 0xd008 irq 15
[   11.191386] libphy: Fixed MDIO Bus: probed
[   11.196987] tsc: Refined TSC clocksource calibration: 2303.689 MHz
[   11.196993] clocksource: tsc: mask: 0xffffffffffffffff max_cycles: 0x2134d20baf4, max_idle_ns: 440795289125 ns
[   11.226348] tun: Universal TUN/TAP device driver, 1.6
[   11.227632] PPP generic driver version 2.4.2
[   11.241090] ehci_hcd: USB 2.0 'Enhanced' Host Controller (EHCI) Driver
[   11.242633] ehci-pci: EHCI PCI platform driver
[   11.243726] ehci-platform: EHCI generic platform driver
[   11.265961] ohci_hcd: USB 1.1 'Open' Host Controller (OHCI) Driver
[   11.267432] ohci-pci: OHCI PCI platform driver
[   11.268532] ohci-platform: OHCI generic platform driver
[   11.280983] uhci_hcd: USB Universal Host Controller Interface driver
[   11.282538] i8042: PNP: PS/2 Controller [PNP0303:PS2K,PNP0f03:PS2M] at 0x60,0x64 irq 1,12
[   11.284986] serio: i8042 KBD port at 0x60,0x64 irq 1
[   11.355925] serio: i8042 AUX port at 0x60,0x64 irq 12
[   11.357241] mousedev: PS/2 mouse device common for all mice
[   11.381135] input: AT Translated Set 2 keyboard as /devices/platform/i8042/serio0/input/input2
[   11.383494] rtc_cmos rtc_cmos: rtc core: registered rtc_cmos as rtc0
[   11.471341] rtc_cmos rtc_cmos: alarms up to one day, 114 bytes nvram
[   11.472869] i2c /dev entries driver
[   11.473744] pcie_mp2_amd: AMD(R) PCI-E MP2 Communication Driver Version: 1.0
[   11.491283] device-mapper: uevent: version 1.0.3
[   11.505860] device-mapper: ioctl: 4.37.0-ioctl (2017-09-20) initialised: dm-devel@redhat.com
[   11.532858] ledtrig-cpu: registered to indicate activity on CPUs
[   11.557623] NET: Registered protocol family 10
[   11.581724] Segment Routing with IPv6
[   11.591163] NET: Registered protocol family 17
[   11.672405] Key type dns_resolver registered
[   11.735958] RAS: Correctable Errors collector initialized.
[   11.784588] sched_clock: Marking stable (11784561737, 0)->(36244609559, -24460047822)
[   11.787274] registered taskstats version 1
[   11.809473] Loading compiled-in X.509 certificates
[   11.874505] Loaded X.509 cert 'Build time autogenerated kernel key: fcd93cd0852f7ae1da10896371e06e3c19479c00'
[   11.901170] zswap: loaded using pool lzo/zbud
[   11.905499] Key type big_key registered
[   11.906506] Key type trusted registered
[   11.908835] Key type encrypted registered
[   11.911235] AppArmor: AppArmor sha1 policy hashing enabled
[   11.915284] ima: No TPM chip found, activating TPM-bypass! (rc=-19)
[   11.921028] ima: Allocated hash algorithm: sha1
[   11.922158] evm: HMAC attrs: 0x1
[   11.923255]   Magic number: 6:221:763
[   11.940525] serio serio1: hash matches
[   12.005173] rtc_cmos rtc_cmos: setting system clock to 2018-10-10 02:47:16 UTC (1539139636)
[   12.128655] BIOS EDD facility v0.16 2004-Jun-25, 0 devices found
[   12.148578] EDD information not available.
[   12.154635] Freeing unused kernel memory: 2408K
[   12.188458] Write protecting the kernel read-only data: 20480k
[   12.202639] Freeing unused kernel memory: 2008K
[   12.258012] Freeing unused kernel memory: 1896K
[   12.299312] x86/mm: Checked W+X mappings: passed, no W+X pages found.
[   12.312052] x86/mm: Checking user space page tables
[   12.404717] x86/mm: Checked W+X mappings: passed, no W+X pages found.
Loading, please wait...
starting version 237
[   12.640033] e1000: Intel(R) PRO/1000 Network Driver - version 7.3.21-k8-NAPI
[   12.761338] e1000: Copyright (c) 1999-2006 Intel Corporation.
[   12.775356] Fusion MPT base driver 3.04.20
[   12.803719] Copyright (c) 1999-2008 LSI Corporation
[   12.818485] Fusion MPT SPI Host driver 3.04.20
[   12.839272] AVX2 version of gcm_enc/dec engaged.
[   12.847649] AES CTR mode by8 optimization enabled
[   13.015601] input: ImExPS/2 Generic Explorer Mouse as /devices/platform/i8042/serio1/input/input4
[   13.185275] e1000 0000:00:03.0 eth0: (PCI:33MHz:32-bit) 02:6c:c0:d7:41:26
[   14.595585] e1000 0000:00:03.0 eth0: Intel(R) PRO/1000 Network Connection
[   15.094757] e1000 0000:00:08.0 eth1: (PCI:33MHz:32-bit) 08:00:27:c1:f9:8f
[   15.616948] e1000 0000:00:08.0 eth1: Intel(R) PRO/1000 Network Connection
[   15.619423] mptbase: ioc0: Initiating bringup
[   15.620466] e1000 0000:00:03.0 enp0s3: renamed from eth0
[   15.674122] e1000 0000:00:08.0 enp0s8: renamed from eth1
[   15.765421] ioc0: LSI53C1030 A0: Capabilities={Initiator}
[   16.154884] scsi host2: ioc0: LSI53C1030 A0, FwRev=00000000h, Ports=1, MaxQ=256, IRQ=20
[   16.640891] scsi 2:0:0:0: Direct-Access     VBOX     HARDDISK         1.0  PQ: 0 ANSI: 5
[   16.880268] scsi target2:0:0: Beginning Domain Validation
[   17.083422] scsi target2:0:0: Domain Validation skipping write tests
[   17.325535] scsi target2:0:0: Ending Domain Validation
[   17.545469] scsi target2:0:0: asynchronous
[   17.666288] scsi 2:0:1:0: Direct-Access     VBOX     HARDDISK         1.0  PQ: 0 ANSI: 5
[   17.728209] scsi target2:0:1: Beginning Domain Validation
[   17.746430] random: fast init done
[   17.825924] scsi target2:0:1: Domain Validation skipping write tests
[   17.885515] scsi target2:0:1: Ending Domain Validation
[   17.890701] scsi target2:0:1: asynchronous
[   17.920289] random: systemd-udevd: uninitialized urandom read (16 bytes read)
[   17.920325] sd 2:0:0:0: Attached scsi generic sg0 type 0
[   17.920498] sd 2:0:1:0: Attached scsi generic sg1 type 0
[   17.976605] random: systemd-udevd: uninitialized urandom read (16 bytes read)
[   18.010903] random: systemd-udevd: uninitialized urandom read (16 bytes read)
[   18.046608] sd 2:0:1:0: [sdb] 20480 512-byte logical blocks: (10.5 MB/10.0 MiB)
[   18.047032] sd 2:0:0:0: [sda] 20971520 512-byte logical blocks: (10.7 GB/10.0 GiB)
[   18.047096] sd 2:0:0:0: [sda] Write Protect is off
[   18.047227] sd 2:0:0:0: [sda] Incomplete mode parameter data
[   18.047229] sd 2:0:0:0: [sda] Assuming drive cache: write through
[   18.068329]  sda: sda1
[   18.069312] sd 2:0:0:0: [sda] Attached SCSI disk
[   18.149587] sd 2:0:1:0: [sdb] Write Protect is off
[   18.249286] sd 2:0:1:0: [sdb] Incomplete mode parameter data
[   18.252373] sd 2:0:1:0: [sdb] Assuming drive cache: write through
[   18.259506] sd 2:0:1:0: [sdb] Attached SCSI disk
Begin: Loading essential drivers ... [   19.669835] raid6: sse2x1   gen() 12866 MB/s
[   19.828463] raid6: sse2x1   xor()  8900 MB/s
[   19.944246] raid6: sse2x2   gen() 10582 MB/s
[   20.008292] raid6: sse2x2   xor()  6892 MB/s
[   20.168900] raid6: sse2x4   gen() 17548 MB/s
[   20.324278] raid6: sse2x4   xor() 10605 MB/s
[   20.537038] raid6: avx2x1   gen() 25364 MB/s
[   20.677430] raid6: avx2x1   xor() 16595 MB/s
[   20.868805] raid6: avx2x2   gen() 29920 MB/s
[   21.028485] raid6: avx2x2   xor() 16991 MB/s
[   21.092208] raid6: avx2x4   gen() 16189 MB/s
[   21.148557] raid6: avx2x4   xor() 18692 MB/s
[   21.181436] raid6: using algorithm avx2x2 gen() 29920 MB/s
[   21.231579] raid6: .... xor() 16991 MB/s, rmw enabled
[   21.261587] raid6: using avx2x2 recovery algorithm
[   21.264169] xor: automatically using best checksumming function   avx       
[   21.346015] async_tx: api initialized (async)
done.
Begin: Running[   21.440861] Btrfs loaded, crc32c=crc32c-intel
 /scripts/init-premount ... done[   21.564303] EXT4-fs (sda1): mounted filesystem with ordered data mode. Opts: (null)
.
Begin: Mounting root file system ... Begin: Running /scripts/local-top ... done.
Begin: Running /scripts/local-premount ... Scanning for Btrfs filesystems
done.
Warning: fsck not present, so skipping root file system
done.
Begin: Running /scripts/local-bottom ... done.
Begin: Running /scripts/init-bottom ... done.
[   21.873796] ip_tables: (C) 2000-2006 Netfilter Core Team
[   22.368494] systemd[1]: systemd 237 running in system mode. (+PAM +AUDIT +SELINUX +IMA +APPARMOR +SMACK +SYSVINIT +UTMP +LIBCRYPTSETUP +GCRYPT +GNUTLS +ACL +XZ +LZ4 +SECCOMP +BLKID +ELFUTILS +KMOD -IDN2 +IDN -PCRE2 default-hierarchy=hybrid)
[   26.072760] systemd[1]: Detected virtualization oracle.
[   26.305924] systemd[1]: Detected architecture x86-64.

Welcome to [1mUbuntu 18.04.1 LTS[0m!

[   26.586594] systemd[1]: Set hostname to <ubuntu-bionic>.
[   26.930033] systemd[1]: Set up automount Arbitrary Executable File Formats File System Automount Point.
[[0;32m  OK  [0m] Set up automount Arbitrary Executab…rmats File System Automount Point.
[   27.448574] systemd[1]: Started Forward Password Requests to Wall Directory Watch.
[[0;32m  OK  [0m] Started Forward Password Requests to Wall Directory Watch.
[   27.776372] systemd[1]: Reached target System Time Synchronized.
[[0;32m  OK  [0m] Reached target System Time Synchronized.
[   27.891985] systemd[1]: Created slice User and Session Slice.
[[0;32m  OK  [0m] Created slice User and Session Slice.
[   28.257886] systemd[1]: Created slice System Slice.
[[0;32m  OK  [0m] Created slice System Slice.
[   28.597519] systemd[1]: Listening on Journal Socket (/dev/log).
[[0;32m  OK  [0m] Listening on Journal Socket (/dev/log).
[   28.808562] systemd[1]: Listening on LVM2 metadata daemon socket.
[[0;32m  OK  [0m] Listening on LVM2 metadata daemon socket.
[   28.852802] systemd[1]: Listening on udev Control Socket.
[[0;32m  OK  [0m] Listening on udev Control Socket.
[   28.925431] systemd[1]: Listening on Journal Audit Socket.
[[0;32m  OK  [0m] Listening on Journal Audit Socket.
[   29.165110] systemd[1]: Listening on Network Service Netlink Socket.
[[0;32m  OK  [0m] Listening on Network Service Netlink Socket.
[   29.444133] systemd[1]: Listening on /dev/initctl Compatibility Named Pipe.
[[0;32m  OK  [0m] Listening on /dev/initctl Compatibility Named Pipe.
[[0;32m  OK  [0m] Listening on Syslog Socket.
[[0;32m  OK  [0m] Reached target Slices.
[[0;32m  OK  [0m] Listening on Journal Socket.
         Starting Journal Service...
         Starting Uncomplicated firewall...
         Mounting Kernel Debug File System...
         Starting Set the console keyboard layout...
[[0;32m  OK  [0m] Listening on udev Kernel Socket.
         Starting Remount[   30.135788] EXT4-fs (sda1): re-mounted. Opts: (null)
 Root and Kernel File Systems...
[[0;32m  OK  [0m] Listening on LVM2 poll daemon socket.
         Mounting POSIX Message Queue File System...
         Mounting Huge Pages File System...
[[0;32m  OK  [0m] Created slice system-serial\x2dgetty.slice.
[[0;32m  OK  [0m] Listening on Device-mapper event daemon FIFOs.
         [   30.408507] random: crng init done
Starting Monitor[   30.473485] random: 7 urandom warning(s) missed due to ratelimiting
ing of LVM2 mirrors…ng dmeventd or progress polling...
         Starting Create list of required st…ce nodes for the current kernel...
[[0;32m  OK  [0m] Reached target User and Group Name Lookups.
         Starting Load Ke[   32.025589] Loading iSCSI transport class v2.0-870.
rnel Modules...
         Starting udev Co[   32.187938] iscsi: registered transport (tcp)
ldplug all Devices...
[[0;32m  OK  [0m] Reached targ[   32.246497] iscsi: registered transport (iser)
et Swap.
[[0;32m  OK  [0m] Started Journal Service.
[[0;32m  OK  [0m] Started Uncomplicated firewall.
[[0;32m  OK  [0m] Mounted Kernel Debug File System.
[[0;32m  OK  [0m] Started Set the console keyboard layout.
[[0;32m  OK  [0m] Started Remount Root and Kernel File Systems.
[[0;32m  OK  [0m] Mounted POSIX Message Queue File System.
[[0;32m  OK  [0m] Mounted Huge Pages File System.
[[0;32m  OK  [0m] Started Create list of required sta…vice nodes for the current kernel.
[[0;32m  OK  [0m] Started Load Kernel Modules.
[[0;32m  OK  [0m] Started LVM2 metadata daemon.
         Mounting FUSE Control File System...
         Starting Apply Kernel Variables...
         Mounting Kernel Configuration File System...
         Starting Create Static Device Nodes in /dev...
         Starting Load/Save Random Seed...
         Starting Initial cloud-init job (pre-networking)...
         Starting Flush Journal to Persistent Storage...
[[0;32m  OK  [0m] Started Monitoring of LVM2 mirrors,…sing dmeventd or progress polling.
[[0;32m  OK  [0m] Started udev Coldplug all Devices.
[[0;32m  OK  [0m] Mounted FUSE Control File System.
[[0;32m  OK  [0m] Started Apply Kernel Variables.
[[0;32m  OK  [0m] Mounted Kernel Configuration File System.
[[0;32m  OK  [0m] Started Create Static Device Nodes in /dev.
[[0;32m  OK  [0m] Started Load/Save Random Seed.
         Starting udev Kernel Device Manager...
[[0;32m  OK  [0m] Reached target Local File Systems (Pre).
[[0;32m  OK  [0m] Reached target Local File Systems.
         Starting Set console font and keymap...
         Starting ebtables ruleset management...
         Starting Tell Plymouth To Write Out Runtime Data...
         Starting AppArmor initialization...
[[0;32m  OK  [0m] Started udev Kernel Device Manager.
[[0;32m  OK  [0m] Started Set console font and keymap.
[[0;32m  OK  [0m] Started Tell Plymouth To Write Out Runtime Data.
[[0;32m  OK  [0m] Started Dispatch Password Requests to Console Directory Watch.
[[0;32m  OK  [0m] Reached target Local Encrypted Volumes.
[[0;32m  OK  [0m] Found device /dev/ttyS0.
[[0;32m  OK  [0m] Started Flush Journal to Persistent Storage.
         Starting Create Volatile Files and Directories...
[[0;32m  OK  [0m] Started ebtables ruleset management.
[[0;32m  OK  [0m] Started Create Volatile Files and Directories.
         Starting Update UTMP about System Boot/Shutdown...
[[0;32m  OK  [0m] Listening on Load/Save RF Kill Switch Status /dev/rfkill Watch.
[[0;32m  OK  [0m] Started Update UTMP about System Boot/Shutdown.
[[0;32m  OK  [0m] Started AppArmor initialization.
[   34.682913] cloud-init[408]: Cloud-init v. 18.3-9-g2e62cb8a-0ubuntu1~18.04.2 running 'init-local' at Wed, 10 Oct 2018 02:47:38 +0000. Up 34.44 seconds.
[[0;32m  OK  [0m] Started Initial cloud-init job (pre-networking).
[[0;32m  OK  [0m] Reached target Network (Pre).
         Starting Network Service...
[[0;32m  OK  [0m] Started Network Service.
         Starting Network Name Resolution...
         Starting Wait for Network to be Configured...
[[0;32m  OK  [0m] Started Network Name Resolution.
[[0;32m  OK  [0m] Reached target Network.
[[0;32m  OK  [0m] Reached target Host and Network Name Lookups.
[[0;32m  OK  [0m] Started Wait for Network to be Configured.
         Starting Initial cloud-init job (metadata service crawler)...
[   37.183580] cloud-init[651]: Cloud-init v. 18.3-9-g2e62cb8a-0ubuntu1~18.04.2 running 'init' at Wed, 10 Oct 2018 02:47:41 +0000. Up 36.79 seconds.
[[0;32m  OK  [0m] Started Initial cloud-init job (metadata service crawler).
[[0;32m  OK  [0m] Reached target Cloud-config availability.
[[0;32m  OK  [0m] Reached target System Initialization.
[   37.351527] cloud-init[651]: ci-info: ++++++++++++++++++++++++++++++++++++++Net device info+++++++++++++++++++++++++++++++++++++++
[   37.672885] cloud-init[651]: ci-info: +--------+------+-----------------------------+---------------+--------+-------------------+
[   37.812655] cloud-init[651]: ci-info: | Device |  Up  |           Address           |      Mask     | Scope  |     Hw-Address    |
[   37.896463] cloud-init[651]: ci-info: +--------+------+-----------------------------+---------------+--------+-------------------+
[   37.941603] cloud-init[651]: ci-info: | enp0s3 | True |          10.0.2.15          | 255.255.255.0 | global | 02:6c:c0:d7:41:26 |
[[0;32m  OK  [0m] Started Discard unused blocks once a week.
[[0;32m  OK  [0m] Started Daily Cleanup of Temporary Directories.
[[0;32m  OK  [0m] Listening on Open-iSCSI iscsid Socket.
[   38.067519] cloud-init[651]: ci-info: | enp0s3 | True |  fe80::6c:c0ff:fed7:4126/64 |       .       |  link  | 02:6c:c0:d7:41:26 |
         Starting LXD - unix socket.
[   38.435248] cloud-init[651]: ci-info: | enp0s8 | True |        192.168.33.10        | 255.255.255.0 | global | 08:00:27:c1:f9:8f |
         Starting Socket activation for snappy daemon.
[   38.617489] cloud-init[651]: ci-info: | enp0s8 | True | fe80::a00:27ff:fec1:f98f/64 |       .       |  link  | 08:00:27:c1:f9:8f |
[[0;32m  OK  [0m] Listening on D-Bus System Message Bus Socket.
[   38.788579] cloud-init[651]: ci-info: |   lo   | True |          127.0.0.1          |   255.0.0.0   |  host  |         .         |
[[0;32m  OK  [0m] Started ACPI Events Check.
[   38.976731] [cloud-init[0;32m  OK  [0m[651]: ] ci-info: |   lo   | True |           ::1/128           |       .       |  host  |         .         |Reached target Paths.

[[0;32m  OK  [0m] Listening on ACPID Listen Socket.
[   39.082142] [cloud-init[0;32m  OK  [0m] [651]: Started Daily apt download activities.ci-info: +--------+------+-----------------------------+---------------+--------+-------------------+

[[0;32m  OK  [0m] Started Daily apt upgrade and clean activities.
[   39.200544] cloud-init[651]: ci-info: +++++++++++++++++++++++++++++Route IPv4 info+++++++++++++++++++++++++++++
[[0;32m  OK  [0m] Started Message of the Day.
[   39.357463] cloud-init[651]: ci-info: +-------+--------------+----------+-----------------+-----------+-------+
[[0;32m  OK  [0m] Reached target Timers.
[[0;32m  OK  [0m] Listening on UUID daemon activation socket.
[[0;32m  OK  [0m] Reached target Network is Online.
[   39.489880] cloud-init[651]: ci-info: | Route | Destination  | Gateway  |     Genmask     | Interface | Flags |
[   39.751444] cloud-init[651]: ci-info: +-------+--------------+----------+-----------------+-----------+-------+
[   39.873068] cloud-init[651]: ci-info: |   0   |   0.0.0.0    | 10.0.2.2 |     0.0.0.0     |   enp0s3  |   UG  |
[[   39.981082] cloud-init[651]: ci-info: |   1   |   10.0.2.0   | 0.0.0.0  |  255.255.255.0  |   enp0s3  |   U   |
[   39.981731] cloud-init[651]: ci-info: |   2   |   10.0.2.2   | 0.0.0.0  | 255.255.255.255 |   enp0s3  |   UH  |
[0;32m  OK  [0m] Reached target Remote File Systems (Pre).
[   39.982060] cloud-init[651]: ci-info: |   3   | 192.168.33.0 | 0.0.0.0  |  255.255.255.0  |   enp0s8  |   U   |
[[0;32m  OK  [0m[   40.177884] ] cloud-initReached target Remote File Systems.[651]: 
ci-info: +-------+--------------+----------+-----------------+-----------+-------+
         [   40.294006] Starting Availability of block devices...cloud-init
[651]: ci-info: +++++++++++++++++++Route IPv6 info+++++++++++++++++++
[[0;32m  OK  [0m[   40.430278] ] cloud-initListening on LXD - unix socket.[651]: 
ci-info: +-------+-------------+---------+-----------+-------+
[   40.430510] cloud-init[651]: ci-info: | Route | Destination | Gateway | Interface | Flags |
[[   40.632434] cloud-init[651]: ci-info: +-------+-------------+---------+-----------+-------+
[   40.632625] [0;32m  OK  [0mcloud-init] [651]: Listening on Socket activation for snappy daemon.ci-info: |   1   |  fe80::/64  |    ::   |   enp0s8  |   U   |

[[0;32m  OK  [0m[   40.714964] ] cloud-initStarted Availability of block devices.[651]: 
ci-info: |   2   |  fe80::/64  |    ::   |   enp0s3  |   U   |
[[   40.781469] cloud-init[651]: ci-info: |   4   |    local    |    ::   |   enp0s3  |   U   |
[   40.782120] cloud-init[651]: ci-info: |   5   |    local    |    ::   |   enp0s8  |   U   |
[0;32m  OK  [0m] Reached target Sockets.
[   40.782389] cloud-init[651]: ci-info: |   6   |   ff00::/8  |    ::   |   enp0s8  |   U   |
[[0;32m  OK  [0m] Reached target Basic System.
[   40.885340] cloud-init[651]: ci-info: |   7   |   ff00::/8  |    ::   |   enp0s3  |   U   |
         [   40.948405] Starting System Logging Service...cloud-init
[651]: ci-info: +-------+-------------+---------+-----------+-------+
         Starting Permit User Sessions...
         Starting LSB: Record successful boot for GRUB...
[[0;32m  OK  [0m] Started D-Bus System Message Bus.
[[0;32m  OK  [0m] Started FUSE filesystem for LXC.
         Starting Dispatcher daemon for systemd-networkd...
         Starting OpenBSD Secure Shell server...
[[0;32m  OK  [0m] Started Deferred execution scheduler.
         Starting Snappy daemon...
[[0;32m  OK  [0m] Started Regular background program processing daemon.
         Starting vboxadd.service...
         Starting LSB: automatic crash report generation...
[[0;32m  OK  [0m] Started irqbalance daemon.
[[0;32m  OK  [0m] Started Unattended Upgrades Shutdown.
         Starting Accounts Service...
         Starting Login Service...
         Starting LXD - container startup/shutdown...
[[0;32m  OK  [0m] Started System Logging Service.
[[0;32m  OK  [0m] Started Dispatcher daemon for systemd-networkd.
[[0;32m  OK  [0m] Started Snappy daemon.
[[0;32m  OK  [0m] Started Permit User Sessions.
[[0;32m  OK  [0m] Started Login Service.
         Starting Terminate Plymouth Boot Screen...
         Starting Hold until boot process finishes up...
         Starting Wait until snapd is fully seeded...
[[0;32m  OK  [0m] Started OpenBSD Secure Shell server.
[[0;32m  OK  [0m] Started LSB: automatic crash report generation.
[[0;32m  OK  [0m] Started LSB: Record successful boot for GRUB.
[[0;32m  OK  [0m] Started LXD - container startup/shutdown.
[[0;32m  OK  [0m] Started Terminate Plymouth Boot Screen.
[[0;32m  OK  [0m] Started vboxadd.service.
[[0;32m  OK  [0m] Started Hold until boot process finishes up.
[[0;32m  OK  [0m] Started Wait until snapd is fully seeded.
[[0;32m  OK  [0m] Created slice User Slice of vagrant.
         Starting Authorization Manager...
         Starting Apply the settings specified in cloud-config...
[[0;32m  OK  [0m] Started Serial Getty on ttyS0.
         Starting Set console scheme...
         Starting vboxadd-service.service...
[[0;32m  OK  [0m] Started Set console scheme.
[[0;32m  OK  [0m] Started vboxadd-service.service.
[[0;32m  OK  [0m] Started Authorization Manager.
[[0;32m  OK  [0m] Started Accounts Service.
[[0;32m  OK  [0m] Started Session 1 of user vagrant.
         Starting User Manager for UID 1000...
[[0;32m  OK  [0m] Created slice system-getty.slice.
[[0;32m  OK  [0m] Started Getty on tty1.
[[0;32m  OK  [0m] Reached target Login Prompts.
[[0;32m  OK  [0m] Reached target Multi-User System.
[[0;32m  OK  [0m] Reached target Graphical Interface.
         Starting Update UTMP about System Runlevel Changes...
[[0;32m  OK  [0m] Started User Manager for UID 1000.
[[0;32m  OK  [0m] Started Update UTMP about System Runlevel Changes.
[   42.923380] cloud-init[1081]: Cloud-init v. 18.3-9-g2e62cb8a-0ubuntu1~18.04.2 running 'modules:config' at Wed, 10 Oct 2018 02:47:47 +0000. Up 42.67 seconds.
[[0;32m  OK  [0m] Started Apply the settings specified in cloud-config.
         Starting Execute cloud user/final scripts...
[   43.439285] cloud-init[1219]: Cloud-init v. 18.3-9-g2e62cb8a-0ubuntu1~18.04.2 running 'modules:final' at Wed, 10 Oct 2018 02:47:47 +0000. Up 43.32 seconds.
[[0;32m  OK  [0m] Started Execute cloud user/final scripts.
[   43.531092] cloud-init[1219]: Cloud-init v. 18.3-9-g2e62cb8a-0ubuntu1~18.04.2 finished at Wed, 10 Oct 2018 02:47:47 +0000. Datasource DataSourceNoCloud [seed=/dev/sdb][dsmode=net].  Up 43.43 seconds
[[0;32m  OK  [0m] Reached target Cloud-init target.

Ubuntu 18.04.1 LTS ubuntu-bionic ttyS0

ubuntu-bionic login: 